\BOOKMARK [-1][-]{part.1}{I Bible Haptique R\351sum\351 des connaissances}{}% 1
\BOOKMARK [0][-]{chapter.1}{LE SYST\310ME NERVEUX}{part.1}% 2
\BOOKMARK [0][-]{chapter.2}{LA PEAU}{part.1}% 3
\BOOKMARK [0][-]{chapter.3}{SENS, SENSATION, PERCEPTION}{part.1}% 4
\BOOKMARK [1][-]{section.3.1}{Les sens connus de l'\352tre humain}{chapter.3}% 5
\BOOKMARK [2][-]{subsection.3.1.1}{La vue}{section.3.1}% 6
\BOOKMARK [2][-]{subsection.3.1.2}{L'ou\357e}{section.3.1}% 7
\BOOKMARK [2][-]{subsection.3.1.3}{Le toucher}{section.3.1}% 8
\BOOKMARK [2][-]{subsection.3.1.4}{L'odorat}{section.3.1}% 9
\BOOKMARK [2][-]{subsection.3.1.5}{Le go\373t }{section.3.1}% 10
\BOOKMARK [2][-]{subsection.3.1.6}{Propriception}{section.3.1}% 11
\BOOKMARK [2][-]{subsection.3.1.7}{Equilibrioception}{section.3.1}% 12
\BOOKMARK [2][-]{subsection.3.1.8}{Nocioception}{section.3.1}% 13
\BOOKMARK [2][-]{subsection.3.1.9}{thermoception}{section.3.1}% 14
\BOOKMARK [1][-]{section.3.2}{Distinction entre sensation et perception}{chapter.3}% 15
\BOOKMARK [1][-]{section.3.3}{Cross-modalit\351 et congruence}{chapter.3}% 16
\BOOKMARK [1][-]{section.3.4}{Illusion}{chapter.3}% 17
\BOOKMARK [2][-]{subsection.3.4.1}{ Fishbone illusion}{section.3.4}% 18
\BOOKMARK [2][-]{subsection.3.4.2}{ Bump/hole illusion}{section.3.4}% 19
\BOOKMARK [2][-]{subsection.3.4.3}{ Cutaneous Rabit illusion \(saltation\)}{section.3.4}% 20
\BOOKMARK [2][-]{subsection.3.4.4}{Illusion du peigne \204 comb illusion}{section.3.4}% 21
\BOOKMARK [2][-]{subsection.3.4.5}{Apparent motion\(effet phi\)}{section.3.4}% 22
\BOOKMARK [2][-]{subsection.3.4.6}{Phantom-Funneling illusion}{section.3.4}% 23
\BOOKMARK [2][-]{subsection.3.4.7}{Tau effect}{section.3.4}% 24
\BOOKMARK [0][-]{chapter.4}{SENSATION TACTILE}{part.1}% 25
\BOOKMARK [1][-]{section.4.1}{Cheminement de l\220information}{chapter.4}% 26
\BOOKMARK [1][-]{section.4.2}{M\351canique du contact}{chapter.4}% 27
\BOOKMARK [2][-]{subsection.4.2.1}{D\351finition des termes}{section.4.2}% 28
\BOOKMARK [2][-]{subsection.4.2.2}{Contact statique}{section.4.2}% 29
\BOOKMARK [2][-]{subsection.4.2.3}{Contact dynammque}{section.4.2}% 30
\BOOKMARK [2][-]{subsection.4.2.4}{D\351formation local}{section.4.2}% 31
\BOOKMARK [2][-]{subsection.4.2.5}{D\351formation distante \205 Propagation des ondes}{section.4.2}% 32
\BOOKMARK [1][-]{section.4.3}{M\351cano-transduction}{chapter.4}% 33
\BOOKMARK [2][-]{subsection.4.3.1}{PC}{section.4.3}% 34
\BOOKMARK [2][-]{subsection.4.3.2}{RA}{section.4.3}% 35
\BOOKMARK [2][-]{subsection.4.3.3}{SAI}{section.4.3}% 36
\BOOKMARK [2][-]{subsection.4.3.4}{SAII}{section.4.3}% 37
\BOOKMARK [2][-]{subsection.4.3.5}{Fibre de type C}{section.4.3}% 38
\BOOKMARK [2][-]{subsection.4.3.6}{Exemple de mod\351lisation}{section.4.3}% 39
\BOOKMARK [1][-]{section.4.4}{S\351quence de potentiel d\220action \(spike train\)}{chapter.4}% 40
\BOOKMARK [1][-]{section.4.5}{Mesure Psychophysique}{chapter.4}% 41
\BOOKMARK [2][-]{subsection.4.5.1}{Seuil de perception \205 Threshold}{section.4.5}% 42
\BOOKMARK [2][-]{subsection.4.5.2}{Seuil de discrimination \205 JND}{section.4.5}% 43
\BOOKMARK [2][-]{subsection.4.5.3}{M\351thode de mesures psychophysique}{section.4.5}% 44
\BOOKMARK [0][-]{chapter.5}{PERCEPTION TACTILE}{part.1}% 45
\BOOKMARK [1][-]{section.5.1}{Proc\351dure d\220exploration}{chapter.5}% 46
\BOOKMARK [1][-]{section.5.2}{Dimension du toucher}{chapter.5}% 47
\BOOKMARK [1][-]{section.5.3}{Taux de transfert d\220information tactile}{chapter.5}% 48
\BOOKMARK [1][-]{section.5.4}{Types de toucher}{chapter.5}% 49
\BOOKMARK [2][-]{subsection.5.4.1}{Toucher de manipulation}{section.5.4}% 50
\BOOKMARK [2][-]{subsection.5.4.2}{Toucher d\220exploration}{section.5.4}% 51
\BOOKMARK [2][-]{subsection.5.4.3}{Toucher communicatif}{section.5.4}% 52
\BOOKMARK [2][-]{subsection.5.4.4}{Toucher protectif}{section.5.4}% 53
\BOOKMARK [0][-]{chapter.6}{LES TECHNOLOGIES HAPTIQUES}{part.1}% 54
\BOOKMARK [1][-]{section.6.1}{Syst\350mes r\351cepteurs}{chapter.6}% 55
\BOOKMARK [2][-]{subsection.6.1.1}{Ecran tactile}{section.6.1}% 56
\BOOKMARK [2][-]{subsection.6.1.2}{Peau tactile}{section.6.1}% 57
\BOOKMARK [1][-]{section.6.2}{Syst\350mes acteurs}{chapter.6}% 58
\BOOKMARK [2][-]{subsection.6.2.1}{Interfaces \340 retour de force}{section.6.2}% 59
\BOOKMARK [2][-]{subsection.6.2.2}{Interfaces \340 retour tactile}{section.6.2}% 60
\BOOKMARK [-1][-]{part.2}{II Fiches des articles}{}% 61
\BOOKMARK [0][-]{chapter.7}{Biom\351canique}{part.2}% 62
\BOOKMARK [1][-]{section.7.1}{Finger pad friction and its role in grip and touch \(2012\) Adams et al. }{chapter.7}% 63
\BOOKMARK [2][-]{subsection.7.1.1}{Aire de contact}{section.7.1}% 64
\BOOKMARK [2][-]{subsection.7.1.2}{Occlusion}{section.7.1}% 65
\BOOKMARK [2][-]{subsection.7.1.3}{Evolution of slip in the contact region}{section.7.1}% 66
\BOOKMARK [0][-]{appendix.A}{APP TEST}{part.2}% 67
\BOOKMARK [0][-]{appendix.B}{LISTE DES R\311F\311RENCES}{part.2}% 68
